<?xml version="1.0" encoding="UTF-8"?>
<!-- Generated by org.testng.reporters.JUnitReportReporter -->
<testsuite skipped="0" hostname="DESKTOP-NPH96C5" name="TestRunner.TestRunner" tests="2" failures="0" timestamp="14 Dec 2019 11:36:14 GMT" time="104.777" errors="0">
  <testcase name="scenario" time="77.281" classname="TestRunner.TestRunner"/>
  <testcase name="scenario" time="27.496" classname="TestRunner.TestRunner"/>
</testsuite> <!-- TestRunner.TestRunner -->
