<?xml version="1.0" encoding="UTF-8"?>
<!-- Generated by org.testng.reporters.JUnitReportReporter -->
<testsuite skipped="0" hostname="DESKTOP-NPH96C5" name="TestRunner.TestRunner" tests="2" failures="0" timestamp="15 Dec 2019 19:48:25 GMT" time="104.050" errors="0">
  <testcase name="scenario" time="58.329" classname="TestRunner.TestRunner"/>
  <testcase name="scenario" time="45.721" classname="TestRunner.TestRunner"/>
</testsuite> <!-- TestRunner.TestRunner -->
